app/build/outputs/logs/manifest-merger-debug-report.txt
-- Merging decision tree log ---
manifest
ADDED from src\main\AndroidManifest.xml:2:1-41:12
INJECTED from src\main\AndroidManifest.xml:2:1-41:12
INJECTED from src\main\AndroidManifest.xml:2:1-41:12
INJECTED from src\main\AndroidManifest.xml:2:1-41:12
INJECTED from src\main\AndroidManifest.xml:2:1-41:12
INJECTED from src\main\AndroidManifest.xml:2:1-41:12
INJECTED from src\main\AndroidManifest.xml:2:1-41:12
	package
		ADDED from src\main\AndroidManifest.xml:3:2-30
		INJECTED from src\main\AndroidManifest.xml
		INJECTED from src\main\AndroidManifest.xml
	android:versionName
		ADDED from src\main\AndroidManifest.xml:5:2-25
		INJECTED from src\main\AndroidManifest.xml
		INJECTED from src\main\AndroidManifest.xml
	xmlns:android
		ADDED from src\main\AndroidManifest.xml:2:11-69
	android:versionCode
		ADDED from src\main\AndroidManifest.xml:4:2-26
		INJECTED from src\main\AndroidManifest.xml
		INJECTED from src\main\AndroidManifest.xml
	android:installLocation
		ADDED from src\main\AndroidManifest.xml:6:2-32
uses-permission#android.permission.VIBRATE
ADDED from src\main\AndroidManifest.xml:8:5-65
	android:name
		ADDED from src\main\AndroidManifest.xml:8:22-63
uses-sdk
ADDED from src\main\AndroidManifest.xml:10:2-12:37
INJECTED from src\main\AndroidManifest.xml:10:2-12:37
INJECTED from src\main\AndroidManifest.xml:10:2-12:37
INJECTED from src\main\AndroidManifest.xml:10:2-12:37
INJECTED from src\main\AndroidManifest.xml:10:2-12:37
	android:targetSdkVersion
		ADDED from src\main\AndroidManifest.xml:12:6-35
		INJECTED from src\main\AndroidManifest.xml
		INJECTED from src\main\AndroidManifest.xml
	android:minSdkVersion
		ADDED from src\main\AndroidManifest.xml:11:6-31
		INJECTED from src\main\AndroidManifest.xml
		INJECTED from src\main\AndroidManifest.xml
uses-feature#0x00020000
ADDED from src\main\AndroidManifest.xml:14:2-15:40
	android:glEsVersion
		ADDED from src\main\AndroidManifest.xml:15:6-38
supports-screens
ADDED from src\main\AndroidManifest.xml:17:2-20:35
	android:largeScreens
		ADDED from src\main\AndroidManifest.xml:20:6-33
	android:smallScreens
		ADDED from src\main\AndroidManifest.xml:18:6-34
	android:normalScreens
		ADDED from src\main\AndroidManifest.xml:19:6-34
application
ADDED from src\main\AndroidManifest.xml:23:2-39:16
	android:label
		ADDED from src\main\AndroidManifest.xml:25:3-26
	android:icon
		ADDED from src\main\AndroidManifest.xml:24:3-39
	android:allowBackup
		ADDED from src\main\AndroidManifest.xml:27:3-30
	android:theme
		ADDED from src\main\AndroidManifest.xml:26:3-67
activity#com.udawos.pioneer.Pioneer
ADDED from src\main\AndroidManifest.xml:29:3-38:14
	android:screenOrientation
		ADDED from src\main\AndroidManifest.xml:33:4-40
	android:label
		ADDED from src\main\AndroidManifest.xml:30:4-27
	android:exported
		ADDED from src\main\AndroidManifest.xml:31:4-27
	android:name
		ADDED from src\main\AndroidManifest.xml:32:4-27
intent-filter#action:name:android.intent.action.MAIN+category:name:android.intent.category.LAUNCHER
ADDED from src\main\AndroidManifest.xml:34:4-37:20
action#android.intent.action.MAIN
ADDED from src\main\AndroidManifest.xml:35:5-57
	android:name
		ADDED from src\main\AndroidManifest.xml:35:13-54
category#android.intent.category.LAUNCHER
ADDED from src\main\AndroidManifest.xml:36:5-65
	android:name
		ADDED from src\main\AndroidManifest.xml:36:15-62